<?xml version="1.0" encoding="UTF-8"?>
<coverage generated="1600423616476" clover="3.2.0">
  <project timestamp="1600423616477" name="All files">
    <metrics statements="53" coveredstatements="36" conditionals="8" coveredconditionals="0" methods="17" coveredmethods="3" elements="78" coveredelements="39" complexity="0" loc="53" ncloc="53" packages="2" files="4" classes="4"/>
    <package name="GrowUp">
      <metrics statements="26" coveredstatements="14" conditionals="4" coveredconditionals="0" methods="10" coveredmethods="1"/>
      <file name="App.js" path="/Users/melanieanderson/Documents/Projects/final_project/growup/GrowUp/App.js">
        <metrics statements="26" coveredstatements="14" conditionals="4" coveredconditionals="0" methods="10" coveredmethods="1"/>
        <line num="1" count="1" type="stmt"/>
        <line num="2" count="1" type="stmt"/>
        <line num="3" count="1" type="stmt"/>
        <line num="5" count="1" type="stmt"/>
        <line num="6" count="1" type="stmt"/>
        <line num="7" count="1" type="stmt"/>
        <line num="9" count="1" type="stmt"/>
        <line num="10" count="2" type="stmt"/>
        <line num="13" count="2" type="stmt"/>
        <line num="14" count="0" type="stmt"/>
        <line num="15" count="0" type="stmt"/>
        <line num="19" count="2" type="stmt"/>
        <line num="20" count="0" type="cond" truecount="0" falsecount="2"/>
        <line num="21" count="0" type="stmt"/>
        <line num="23" count="0" type="stmt"/>
        <line num="24" count="0" type="stmt"/>
        <line num="29" count="2" type="stmt"/>
        <line num="30" count="0" type="stmt"/>
        <line num="31" count="0" type="stmt"/>
        <line num="32" count="0" type="cond" truecount="0" falsecount="2"/>
        <line num="33" count="0" type="stmt"/>
        <line num="35" count="0" type="stmt"/>
        <line num="40" count="2" type="stmt"/>
        <line num="46" count="0" type="stmt"/>
        <line num="52" count="1" type="stmt"/>
        <line num="59" count="1" type="stmt"/>
      </file>
    </package>
    <package name="GrowUp.components">
      <metrics statements="27" coveredstatements="22" conditionals="4" coveredconditionals="0" methods="7" coveredmethods="2"/>
      <file name="AddItem.js" path="/Users/melanieanderson/Documents/Projects/final_project/growup/GrowUp/components/AddItem.js">
        <metrics statements="11" coveredstatements="9" conditionals="0" coveredconditionals="0" methods="3" coveredmethods="1"/>
        <line num="1" count="2" type="stmt"/>
        <line num="2" count="2" type="stmt"/>
        <line num="9" count="2" type="stmt"/>
        <line num="11" count="5" type="stmt"/>
        <line num="12" count="5" type="stmt"/>
        <line num="13" count="5" type="stmt"/>
        <line num="15" count="5" type="stmt"/>
        <line num="26" count="0" type="stmt"/>
        <line num="27" count="0" type="stmt"/>
        <line num="38" count="2" type="stmt"/>
        <line num="56" count="2" type="stmt"/>
      </file>
      <file name="Header.js" path="/Users/melanieanderson/Documents/Projects/final_project/growup/GrowUp/components/Header.js">
        <metrics statements="7" coveredstatements="7" conditionals="0" coveredconditionals="0" methods="1" coveredmethods="1"/>
        <line num="1" count="2" type="stmt"/>
        <line num="2" count="2" type="stmt"/>
        <line num="4" count="5" type="stmt"/>
        <line num="5" count="5" type="stmt"/>
        <line num="12" count="2" type="stmt"/>
        <line num="16" count="2" type="stmt"/>
        <line num="29" count="2" type="stmt"/>
      </file>
      <file name="ListItem.js" path="/Users/melanieanderson/Documents/Projects/final_project/growup/GrowUp/components/ListItem.js">
        <metrics statements="9" coveredstatements="6" conditionals="4" coveredconditionals="0" methods="3" coveredmethods="0"/>
        <line num="1" count="1" type="stmt"/>
        <line num="2" count="1" type="stmt"/>
        <line num="3" count="1" type="stmt"/>
        <line num="5" count="1" type="stmt"/>
        <line num="6" count="0" type="stmt"/>
        <line num="9" count="0" type="cond" truecount="0" falsecount="2"/>
        <line num="11" count="0" type="stmt"/>
        <line num="17" count="1" type="stmt"/>
        <line num="39" count="1" type="stmt"/>
      </file>
    </package>
  </project>
</coverage>
