{"/Users/melanieanderson/Documents/Projects/final_project/growup/GrowUp/App.js": {"path":"/Users/melanieanderson/Documents/Projects/final_project/growup/GrowUp/App.js","statementMap":{"0":{"start":{"line":1,"column":42},"end":{"line":1,"column":97}},"1":{"start":{"line":1,"column":128},"end":{"line":1,"column":184}},"2":{"start":{"line":1,"column":185},"end":{"line":1,"column":247}},"3":{"start":{"line":1,"column":247},"end":{"line":1,"column":272}},"4":{"start":{"line":1,"column":298},"end":{"line":1,"column":373}},"5":{"start":{"line":1,"column":396},"end":{"line":1,"column":467}},"6":{"start":{"line":1,"column":481},"end":{"line":1,"column":522}},"7":{"start":{"line":2,"column":19},"end":{"line":2,"column":42}},"8":{"start":{"line":3,"column":12},"end":{"line":3,"column":27}},"9":{"start":{"line":5,"column":14},"end":{"line":5,"column":68}},"10":{"start":{"line":6,"column":16},"end":{"line":6,"column":72}},"11":{"start":{"line":7,"column":15},"end":{"line":7,"column":70}},"12":{"start":{"line":7,"column":83},"end":{"line":7,"column":87}},"13":{"start":{"line":7,"column":103},"end":{"line":7,"column":181}},"14":{"start":{"line":9,"column":10},"end":{"line":50,"column":1}},"15":{"start":{"line":10,"column":2},"end":{"line":10,"column":26}},"16":{"start":{"line":10,"column":40},"end":{"line":10,"column":82}},"17":{"start":{"line":10,"column":91},"end":{"line":10,"column":104}},"18":{"start":{"line":10,"column":116},"end":{"line":10,"column":129}},"19":{"start":{"line":13,"column":19},"end":{"line":17,"column":3}},"20":{"start":{"line":14,"column":4},"end":{"line":16,"column":7}},"21":{"start":{"line":15,"column":6},"end":{"line":15,"column":71}},"22":{"start":{"line":15,"column":47},"end":{"line":15,"column":68}},"23":{"start":{"line":19,"column":16},"end":{"line":27,"column":3}},"24":{"start":{"line":20,"column":4},"end":{"line":26,"column":5}},"25":{"start":{"line":21,"column":6},"end":{"line":21,"column":79}},"26":{"start":{"line":23,"column":6},"end":{"line":25,"column":9}},"27":{"start":{"line":24,"column":8},"end":{"line":24,"column":123}},"28":{"start":{"line":29,"column":21},"end":{"line":38,"column":3}},"29":{"start":{"line":30,"column":4},"end":{"line":37,"column":7}},"30":{"start":{"line":31,"column":6},"end":{"line":36,"column":9}},"31":{"start":{"line":32,"column":8},"end":{"line":34,"column":9}},"32":{"start":{"line":33,"column":10},"end":{"line":33,"column":43}},"33":{"start":{"line":35,"column":8},"end":{"line":35,"column":20}},"34":{"start":{"line":40,"column":2},"end":{"line":46,"column":399}},"35":{"start":{"line":46,"column":56},"end":{"line":46,"column":65}},"36":{"start":{"line":46,"column":66},"end":{"line":46,"column":291}},"37":{"start":{"line":52,"column":13},"end":{"line":55,"column":23}},"38":{"start":{"line":59,"column":0},"end":{"line":59,"column":3}},"39":{"start":{"line":59,"column":4},"end":{"line":59,"column":31}}},"fnMap":{"0":{"name":"App","decl":{"start":{"line":9,"column":19},"end":{"line":9,"column":22}},"loc":{"start":{"line":9,"column":25},"end":{"line":50,"column":1}},"line":9},"1":{"name":"deleteItem","decl":{"start":{"line":13,"column":28},"end":{"line":13,"column":38}},"loc":{"start":{"line":13,"column":43},"end":{"line":17,"column":3}},"line":13},"2":{"name":"(anonymous_2)","decl":{"start":{"line":14,"column":13},"end":{"line":14,"column":14}},"loc":{"start":{"line":14,"column":34},"end":{"line":16,"column":5}},"line":14},"3":{"name":"(anonymous_3)","decl":{"start":{"line":15,"column":30},"end":{"line":15,"column":31}},"loc":{"start":{"line":15,"column":46},"end":{"line":15,"column":69}},"line":15},"4":{"name":"addItem","decl":{"start":{"line":19,"column":25},"end":{"line":19,"column":32}},"loc":{"start":{"line":19,"column":39},"end":{"line":27,"column":3}},"line":19},"5":{"name":"(anonymous_5)","decl":{"start":{"line":23,"column":15},"end":{"line":23,"column":16}},"loc":{"start":{"line":23,"column":36},"end":{"line":25,"column":7}},"line":23},"6":{"name":"completeItem","decl":{"start":{"line":29,"column":30},"end":{"line":29,"column":42}},"loc":{"start":{"line":29,"column":47},"end":{"line":38,"column":3}},"line":29},"7":{"name":"(anonymous_7)","decl":{"start":{"line":30,"column":13},"end":{"line":30,"column":14}},"loc":{"start":{"line":30,"column":34},"end":{"line":37,"column":5}},"line":30},"8":{"name":"(anonymous_8)","decl":{"start":{"line":31,"column":27},"end":{"line":31,"column":28}},"loc":{"start":{"line":31,"column":43},"end":{"line":36,"column":7}},"line":31},"9":{"name":"renderItem","decl":{"start":{"line":46,"column":27},"end":{"line":46,"column":37}},"loc":{"start":{"line":46,"column":44},"end":{"line":46,"column":292}},"line":46}},"branchMap":{"0":{"loc":{"start":{"line":20,"column":4},"end":{"line":26,"column":5}},"type":"if","locations":[{"start":{"line":20,"column":4},"end":{"line":26,"column":5}},{"start":{"line":20,"column":4},"end":{"line":26,"column":5}}],"line":20},"1":{"loc":{"start":{"line":32,"column":8},"end":{"line":34,"column":9}},"type":"if","locations":[{"start":{"line":32,"column":8},"end":{"line":34,"column":9}},{"start":{"line":32,"column":8},"end":{"line":34,"column":9}}],"line":32}},"s":{"0":1,"1":1,"2":1,"3":1,"4":1,"5":1,"6":1,"7":1,"8":1,"9":1,"10":1,"11":1,"12":1,"13":1,"14":1,"15":1,"16":1,"17":1,"18":1,"19":1,"20":0,"21":0,"22":0,"23":1,"24":0,"25":0,"26":0,"27":0,"28":1,"29":0,"30":0,"31":0,"32":0,"33":0,"34":1,"35":0,"36":0,"37":1,"38":1,"39":1},"f":{"0":1,"1":0,"2":0,"3":0,"4":0,"5":0,"6":0,"7":0,"8":0,"9":0},"b":{"0":[0,0],"1":[0,0]},"inputSourceMap":null,"_coverageSchema":"1a1c01bbd47fc00a2c39e90264f33305004495a9","hash":"8474bda3810dccda7db4ad6373a53574091aad67"}
,"/Users/melanieanderson/Documents/Projects/final_project/growup/GrowUp/components/AddItem.js": {"path":"/Users/melanieanderson/Documents/Projects/final_project/growup/GrowUp/components/AddItem.js","statementMap":{"0":{"start":{"line":1,"column":42},"end":{"line":1,"column":97}},"1":{"start":{"line":1,"column":128},"end":{"line":1,"column":184}},"2":{"start":{"line":1,"column":185},"end":{"line":1,"column":247}},"3":{"start":{"line":1,"column":247},"end":{"line":1,"column":272}},"4":{"start":{"line":1,"column":294},"end":{"line":1,"column":365}},"5":{"start":{"line":1,"column":379},"end":{"line":1,"column":420}},"6":{"start":{"line":2,"column":19},"end":{"line":2,"column":42}},"7":{"start":{"line":9,"column":19},"end":{"line":9,"column":96}},"8":{"start":{"line":9,"column":109},"end":{"line":9,"column":113}},"9":{"start":{"line":9,"column":129},"end":{"line":9,"column":222}},"10":{"start":{"line":11,"column":14},"end":{"line":35,"column":1}},"11":{"start":{"line":11,"column":52},"end":{"line":11,"column":64}},"12":{"start":{"line":12,"column":2},"end":{"line":12,"column":26}},"13":{"start":{"line":12,"column":40},"end":{"line":12,"column":82}},"14":{"start":{"line":12,"column":90},"end":{"line":12,"column":103}},"15":{"start":{"line":12,"column":114},"end":{"line":12,"column":127}},"16":{"start":{"line":13,"column":17},"end":{"line":13,"column":74}},"17":{"start":{"line":13,"column":47},"end":{"line":13,"column":73}},"18":{"start":{"line":15,"column":2},"end":{"line":30,"column":202}},"19":{"start":{"line":26,"column":8},"end":{"line":26,"column":22}},"20":{"start":{"line":27,"column":8},"end":{"line":27,"column":20}},"21":{"start":{"line":38,"column":13},"end":{"line":52,"column":28}},"22":{"start":{"line":56,"column":0},"end":{"line":56,"column":7}},"23":{"start":{"line":56,"column":8},"end":{"line":56,"column":35}}},"fnMap":{"0":{"name":"AddItem","decl":{"start":{"line":11,"column":23},"end":{"line":11,"column":30}},"loc":{"start":{"line":11,"column":37},"end":{"line":35,"column":1}},"line":11},"1":{"name":"onChange","decl":{"start":{"line":13,"column":26},"end":{"line":13,"column":34}},"loc":{"start":{"line":13,"column":46},"end":{"line":13,"column":74}},"line":13},"2":{"name":"onPress","decl":{"start":{"line":25,"column":24},"end":{"line":25,"column":31}},"loc":{"start":{"line":25,"column":34},"end":{"line":28,"column":7}},"line":25}},"branchMap":{},"s":{"0":1,"1":1,"2":1,"3":1,"4":1,"5":1,"6":1,"7":1,"8":1,"9":1,"10":1,"11":1,"12":1,"13":1,"14":1,"15":1,"16":1,"17":0,"18":1,"19":0,"20":0,"21":1,"22":1,"23":1},"f":{"0":1,"1":0,"2":0},"b":{},"inputSourceMap":null,"_coverageSchema":"1a1c01bbd47fc00a2c39e90264f33305004495a9","hash":"3d16ad519a0eb078af050be22aa1d0007a667c43"}
,"/Users/melanieanderson/Documents/Projects/final_project/growup/GrowUp/components/Header.js": {"path":"/Users/melanieanderson/Documents/Projects/final_project/growup/GrowUp/components/Header.js","statementMap":{"0":{"start":{"line":1,"column":42},"end":{"line":1,"column":97}},"1":{"start":{"line":1,"column":98},"end":{"line":1,"column":160}},"2":{"start":{"line":1,"column":160},"end":{"line":1,"column":185}},"3":{"start":{"line":1,"column":198},"end":{"line":1,"column":238}},"4":{"start":{"line":2,"column":19},"end":{"line":2,"column":42}},"5":{"start":{"line":2,"column":55},"end":{"line":2,"column":59}},"6":{"start":{"line":2,"column":75},"end":{"line":2,"column":167}},"7":{"start":{"line":4,"column":13},"end":{"line":10,"column":1}},"8":{"start":{"line":4,"column":48},"end":{"line":4,"column":58}},"9":{"start":{"line":5,"column":2},"end":{"line":7,"column":185}},"10":{"start":{"line":12,"column":0},"end":{"line":13,"column":21}},"11":{"start":{"line":16,"column":13},"end":{"line":25,"column":28}},"12":{"start":{"line":29,"column":0},"end":{"line":29,"column":6}},"13":{"start":{"line":29,"column":7},"end":{"line":29,"column":34}}},"fnMap":{"0":{"name":"Header","decl":{"start":{"line":4,"column":22},"end":{"line":4,"column":28}},"loc":{"start":{"line":4,"column":35},"end":{"line":10,"column":1}},"line":4}},"branchMap":{},"s":{"0":2,"1":2,"2":2,"3":2,"4":2,"5":2,"6":2,"7":2,"8":3,"9":3,"10":2,"11":2,"12":2,"13":2},"f":{"0":3},"b":{},"inputSourceMap":null,"_coverageSchema":"1a1c01bbd47fc00a2c39e90264f33305004495a9","hash":"dd38339239d915a0f5309c7491bb90deb7f85f55"}
,"/Users/melanieanderson/Documents/Projects/final_project/growup/GrowUp/components/ListItem.js": {"path":"/Users/melanieanderson/Documents/Projects/final_project/growup/GrowUp/components/ListItem.js","statementMap":{"0":{"start":{"line":1,"column":42},"end":{"line":1,"column":97}},"1":{"start":{"line":1,"column":98},"end":{"line":1,"column":160}},"2":{"start":{"line":1,"column":160},"end":{"line":1,"column":185}},"3":{"start":{"line":1,"column":198},"end":{"line":1,"column":238}},"4":{"start":{"line":2,"column":19},"end":{"line":2,"column":42}},"5":{"start":{"line":3,"column":19},"end":{"line":3,"column":96}},"6":{"start":{"line":3,"column":109},"end":{"line":3,"column":113}},"7":{"start":{"line":3,"column":129},"end":{"line":3,"column":223}},"8":{"start":{"line":5,"column":15},"end":{"line":15,"column":1}},"9":{"start":{"line":5,"column":59},"end":{"line":5,"column":76}},"10":{"start":{"line":5,"column":84},"end":{"line":5,"column":93}},"11":{"start":{"line":5,"column":107},"end":{"line":5,"column":122}},"12":{"start":{"line":6,"column":2},"end":{"line":11,"column":268}},"13":{"start":{"line":9,"column":168},"end":{"line":9,"column":197}},"14":{"start":{"line":11,"column":132},"end":{"line":11,"column":159}},"15":{"start":{"line":17,"column":13},"end":{"line":34,"column":43}},"16":{"start":{"line":39,"column":0},"end":{"line":39,"column":8}},"17":{"start":{"line":39,"column":9},"end":{"line":39,"column":36}}},"fnMap":{"0":{"name":"ListItem","decl":{"start":{"line":5,"column":24},"end":{"line":5,"column":32}},"loc":{"start":{"line":5,"column":39},"end":{"line":15,"column":1}},"line":5},"1":{"name":"onPress","decl":{"start":{"line":9,"column":157},"end":{"line":9,"column":164}},"loc":{"start":{"line":9,"column":167},"end":{"line":9,"column":198}},"line":9},"2":{"name":"onPress","decl":{"start":{"line":11,"column":121},"end":{"line":11,"column":128}},"loc":{"start":{"line":11,"column":131},"end":{"line":11,"column":160}},"line":11}},"branchMap":{"0":{"loc":{"start":{"line":9,"column":63},"end":{"line":9,"column":107}},"type":"cond-expr","locations":[{"start":{"line":9,"column":80},"end":{"line":9,"column":94}},{"start":{"line":9,"column":97},"end":{"line":9,"column":107}}],"line":9},"1":{"loc":{"start":{"line":10,"column":61},"end":{"line":10,"column":127}},"type":"cond-expr","locations":[{"start":{"line":10,"column":78},"end":{"line":10,"column":105}},{"start":{"line":10,"column":108},"end":{"line":10,"column":127}}],"line":10}},"s":{"0":1,"1":1,"2":1,"3":1,"4":1,"5":1,"6":1,"7":1,"8":1,"9":0,"10":0,"11":0,"12":0,"13":0,"14":0,"15":1,"16":1,"17":1},"f":{"0":0,"1":0,"2":0},"b":{"0":[0,0],"1":[0,0]},"inputSourceMap":null,"_coverageSchema":"1a1c01bbd47fc00a2c39e90264f33305004495a9","hash":"30c02b676bec303f6f29d0cca495b71464cbda92"}
}
