TN:
SF:App.js
FN:9,App
FN:13,deleteItem
FN:14,(anonymous_2)
FN:15,(anonymous_3)
FN:19,addItem
FN:23,(anonymous_5)
FN:29,completeItem
FN:30,(anonymous_7)
FN:31,(anonymous_8)
FN:46,renderItem
FNF:10
FNH:1
FNDA:2,App
FNDA:0,deleteItem
FNDA:0,(anonymous_2)
FNDA:0,(anonymous_3)
FNDA:0,addItem
FNDA:0,(anonymous_5)
FNDA:0,completeItem
FNDA:0,(anonymous_7)
FNDA:0,(anonymous_8)
FNDA:0,renderItem
DA:1,1
DA:2,1
DA:3,1
DA:5,1
DA:6,1
DA:7,1
DA:9,1
DA:10,2
DA:13,2
DA:14,0
DA:15,0
DA:19,2
DA:20,0
DA:21,0
DA:23,0
DA:24,0
DA:29,2
DA:30,0
DA:31,0
DA:32,0
DA:33,0
DA:35,0
DA:40,2
DA:46,0
DA:52,1
DA:59,1
LF:26
LH:14
BRDA:20,0,0,0
BRDA:20,0,1,0
BRDA:32,1,0,0
BRDA:32,1,1,0
BRF:4
BRH:0
end_of_record
TN:
SF:components/AddItem.js
FN:11,AddItem
FN:13,onChange
FN:25,onPress
FNF:3
FNH:1
FNDA:5,AddItem
FNDA:0,onChange
FNDA:0,onPress
DA:1,2
DA:2,2
DA:9,2
DA:11,5
DA:12,5
DA:13,5
DA:15,5
DA:26,0
DA:27,0
DA:38,2
DA:56,2
LF:11
LH:9
BRF:0
BRH:0
end_of_record
TN:
SF:components/Header.js
FN:4,Header
FNF:1
FNH:1
FNDA:5,Header
DA:1,2
DA:2,2
DA:4,5
DA:5,5
DA:12,2
DA:16,2
DA:29,2
LF:7
LH:7
BRF:0
BRH:0
end_of_record
TN:
SF:components/ListItem.js
FN:5,ListItem
FN:9,onPress
FN:11,onPress
FNF:3
FNH:0
FNDA:0,ListItem
FNDA:0,onPress
FNDA:0,onPress
DA:1,1
DA:2,1
DA:3,1
DA:5,1
DA:6,0
DA:9,0
DA:11,0
DA:17,1
DA:39,1
LF:9
LH:6
BRDA:9,0,0,0
BRDA:9,0,1,0
BRDA:10,1,0,0
BRDA:10,1,1,0
BRF:4
BRH:0
end_of_record
